<?xml version="1.0" encoding="UTF-8"?>
<!-- Generated by org.testng.reporters.JUnitReportReporter -->
<testsuite hostname="Yashu" failures="0" tests="4" name="TestNG.TestNGPart1" time="0.012" errors="0" timestamp="2024-09-02T20:11:30 IST" skipped="0">
  <testcase classname="TestNG.TestNGPart1" name="A" time="0.010"/>
  <system-out/>
  <testcase classname="TestNG.TestNGPart1" name="B" time="0.001"/>
  <system-out/>
  <testcase classname="TestNG.TestNGPart1" name="C" time="0.001"/>
  <system-out/>
  <testcase classname="TestNG.TestNGPart1" name="D" time="0.000"/>
  <system-out/>
</testsuite> <!-- TestNG.TestNGPart1 -->
